2026-06-18 08:20:41 - Toggle: ON - Script: /var/www/html/scripts/enable_weak_ssh.sh
2026-06-18 08:20:41 - Return: 0 - Output: [*] Enabling weak SSH credentials (demo mode)
[+] Applied weak password to local SSH account: student
[+] Weak credentials set to student/password123
[+] File: storage/ssh/credentials.txt
[+] SSH endpoint (if enabled): localhost:2222
2026-06-18 08:20:41 - Toggle: ON - Script: /var/www/html/scripts/enable_weak_ssh.sh
2026-06-18 08:20:41 - Return: 0 - Output: [*] Enabling weak SSH credentials (demo mode)
[+] Applied weak password to local SSH account: student
[+] Weak credentials set to student/password123
[+] File: storage/ssh/credentials.txt
[+] SSH endpoint (if enabled): localhost:2222
2026-06-18 14:45:51 - Toggle: OFF - Script: /var/www/html/scripts/disable_weak_ssh.sh
2026-06-18 14:45:51 - Return: 1 - Output: sudo: a terminal is required to read the password; either use the -S option to read from standard input or configure an askpass helper
sudo: a password is required
2026-06-18 14:45:55 - Toggle: OFF - Script: /var/www/html/scripts/disable_weak_ssh.sh
2026-06-18 14:45:55 - Return: 1 - Output: sudo: a terminal is required to read the password; either use the -S option to read from standard input or configure an askpass helper
sudo: a password is required
2026-06-18 14:46:02 - Toggle: OFF - Script: /var/www/html/scripts/disable_weak_ssh.sh
2026-06-18 14:46:02 - Return: 1 - Output: sudo: a terminal is required to read the password; either use the -S option to read from standard input or configure an askpass helper
sudo: a password is required
2026-06-18 14:46:02 - Toggle: OFF - Script: /var/www/html/scripts/disable_weak_ssh.sh
2026-06-18 14:46:02 - Return: 1 - Output: sudo: a terminal is required to read the password; either use the -S option to read from standard input or configure an askpass helper
sudo: a password is required
2026-06-18 14:46:07 - Toggle: OFF - Script: /var/www/html/scripts/disable_weak_ssh.sh
2026-06-18 14:46:07 - Return: 1 - Output: sudo: a terminal is required to read the password; either use the -S option to read from standard input or configure an askpass helper
sudo: a password is required
2026-06-18 14:46:10 - Toggle: OFF - Script: /var/www/html/scripts/disable_weak_ssh.sh
2026-06-18 14:46:10 - Return: 1 - Output: sudo: a terminal is required to read the password; either use the -S option to read from standard input or configure an askpass helper
sudo: a password is required
2026-06-18 14:46:11 - Toggle: OFF - Script: /var/www/html/scripts/disable_weak_ssh.sh
2026-06-18 14:46:11 - Return: 1 - Output: sudo: a terminal is required to read the password; either use the -S option to read from standard input or configure an askpass helper
sudo: a password is required
2026-06-18 14:46:11 - Toggle: OFF - Script: /var/www/html/scripts/disable_weak_ssh.sh
2026-06-18 14:46:11 - Return: 1 - Output: sudo: a terminal is required to read the password; either use the -S option to read from standard input or configure an askpass helper
sudo: a password is required
2026-06-18 14:47:02 - Toggle: OFF - Script: /var/www/html/scripts/disable_weak_ssh.sh
2026-06-18 14:47:02 - Return: 1 - Output: sudo: a terminal is required to read the password; either use the -S option to read from standard input or configure an askpass helper
sudo: a password is required
2026-06-18 14:47:02 - Toggle: OFF - Script: /var/www/html/scripts/disable_weak_ssh.sh
2026-06-18 14:47:02 - Return: 1 - Output: sudo: a terminal is required to read the password; either use the -S option to read from standard input or configure an askpass helper
sudo: a password is required
2026-06-18 14:47:02 - Toggle: OFF - Script: /var/www/html/scripts/disable_weak_ssh.sh
2026-06-18 14:47:02 - Return: 1 - Output: sudo: a terminal is required to read the password; either use the -S option to read from standard input or configure an askpass helper
sudo: a password is required
2026-06-18 14:47:40 - Toggle: OFF - Script: /var/www/html/scripts/disable_weak_ssh.sh
2026-06-18 14:47:40 - Return: 1 - Output: sudo: a terminal is required to read the password; either use the -S option to read from standard input or configure an askpass helper
sudo: a password is required
2026-06-18 14:47:40 - Toggle: OFF - Script: /var/www/html/scripts/disable_weak_ssh.sh
2026-06-18 14:47:40 - Return: 1 - Output: sudo: a terminal is required to read the password; either use the -S option to read from standard input or configure an askpass helper
sudo: a password is required
2026-06-18 14:47:40 - Toggle: OFF - Script: /var/www/html/scripts/disable_weak_ssh.sh
2026-06-18 14:47:40 - Return: 1 - Output: sudo: a terminal is required to read the password; either use the -S option to read from standard input or configure an askpass helper
sudo: a password is required
2026-06-18 14:48:46 - Toggle: OFF - Script: /var/www/html/scripts/disable_weak_ssh.sh
2026-06-18 14:48:46 - Return: 1 - Output: sudo: a terminal is required to read the password; either use the -S option to read from standard input or configure an askpass helper
sudo: a password is required
2026-06-18 14:48:46 - Toggle: OFF - Script: /var/www/html/scripts/disable_weak_ssh.sh
2026-06-18 14:48:46 - Return: 1 - Output: sudo: a terminal is required to read the password; either use the -S option to read from standard input or configure an askpass helper
sudo: a password is required
2026-06-18 14:48:46 - Toggle: OFF - Script: /var/www/html/scripts/disable_weak_ssh.sh
2026-06-18 14:48:46 - Return: 1 - Output: sudo: a terminal is required to read the password; either use the -S option to read from standard input or configure an askpass helper
sudo: a password is required
2026-06-19 12:39:32 - Toggle: OFF - Script: /var/www/html/scripts/disable_weak_ssh.sh
2026-06-19 12:39:32 - Return: 1 - Output: sudo: a terminal is required to read the password; either use the -S option to read from standard input or configure an askpass helper
sudo: a password is required
2026-06-19 12:39:40 - Toggle: OFF - Script: /var/www/html/scripts/disable_weak_ssh.sh
2026-06-19 12:39:40 - Return: 1 - Output: sudo: a terminal is required to read the password; either use the -S option to read from standard input or configure an askpass helper
sudo: a password is required
2026-06-19 12:39:41 - Toggle: OFF - Script: /var/www/html/scripts/disable_weak_ssh.sh
2026-06-19 12:39:41 - Return: 1 - Output: sudo: a terminal is required to read the password; either use the -S option to read from standard input or configure an askpass helper
sudo: a password is required
2026-06-19 12:39:42 - Toggle: OFF - Script: /var/www/html/scripts/disable_weak_ssh.sh
2026-06-19 12:39:42 - Return: 1 - Output: sudo: a terminal is required to read the password; either use the -S option to read from standard input or configure an askpass helper
sudo: a password is required
2026-06-19 12:39:44 - Toggle: OFF - Script: /var/www/html/scripts/disable_weak_ssh.sh
2026-06-19 12:39:44 - Return: 1 - Output: sudo: a terminal is required to read the password; either use the -S option to read from standard input or configure an askpass helper
sudo: a password is required
2026-06-19 12:45:54 - Toggle: OFF - Script: /var/www/html/scripts/disable_weak_ssh.sh
2026-06-19 12:45:54 - Return: 1 - Output: sudo: a terminal is required to read the password; either use the -S option to read from standard input or configure an askpass helper
sudo: a password is required
2026-06-19 12:45:55 - Toggle: OFF - Script: /var/www/html/scripts/disable_weak_ssh.sh
2026-06-19 12:45:55 - Return: 1 - Output: sudo: a terminal is required to read the password; either use the -S option to read from standard input or configure an askpass helper
sudo: a password is required
2026-06-19 12:45:56 - Toggle: OFF - Script: /var/www/html/scripts/disable_weak_ssh.sh
2026-06-19 12:45:56 - Return: 1 - Output: sudo: a terminal is required to read the password; either use the -S option to read from standard input or configure an askpass helper
sudo: a password is required
2026-06-19 12:45:58 - Toggle: OFF - Script: /var/www/html/scripts/disable_weak_ssh.sh
2026-06-19 12:45:58 - Return: 1 - Output: sudo: a terminal is required to read the password; either use the -S option to read from standard input or configure an askpass helper
sudo: a password is required
2026-06-19 12:45:59 - Toggle: OFF - Script: /var/www/html/scripts/disable_weak_ssh.sh
2026-06-19 12:45:59 - Return: 1 - Output: sudo: a terminal is required to read the password; either use the -S option to read from standard input or configure an askpass helper
sudo: a password is required
2026-06-19 12:46:00 - Toggle: OFF - Script: /var/www/html/scripts/disable_weak_ssh.sh
2026-06-19 12:46:00 - Return: 1 - Output: sudo: a terminal is required to read the password; either use the -S option to read from standard input or configure an askpass helper
sudo: a password is required
2026-06-19 12:46:00 - Toggle: OFF - Script: /var/www/html/scripts/disable_weak_ssh.sh
2026-06-19 12:46:00 - Return: 1 - Output: sudo: a terminal is required to read the password; either use the -S option to read from standard input or configure an askpass helper
sudo: a password is required
2026-06-19 12:46:02 - Toggle: OFF - Script: /var/www/html/scripts/disable_weak_ssh.sh
2026-06-19 12:46:02 - Return: 1 - Output: sudo: a terminal is required to read the password; either use the -S option to read from standard input or configure an askpass helper
sudo: a password is required
2026-06-19 12:46:02 - Toggle: OFF - Script: /var/www/html/scripts/disable_weak_ssh.sh
2026-06-19 12:46:02 - Return: 1 - Output: sudo: a terminal is required to read the password; either use the -S option to read from standard input or configure an askpass helper
sudo: a password is required
2026-06-19 12:48:02 - Toggle: OFF - Script: /var/www/html/scripts/disable_weak_ssh.sh
2026-06-19 12:48:02 - Return: 1 - Output: sudo: a terminal is required to read the password; either use the -S option to read from standard input or configure an askpass helper
sudo: a password is required
2026-06-19 12:48:06 - Toggle: OFF - Script: /var/www/html/scripts/disable_weak_ssh.sh
2026-06-19 12:48:06 - Return: 1 - Output: sudo: a terminal is required to read the password; either use the -S option to read from standard input or configure an askpass helper
sudo: a password is required
2026-06-19 12:48:06 - Toggle: OFF - Script: /var/www/html/scripts/disable_weak_ssh.sh
2026-06-19 12:48:06 - Return: 1 - Output: sudo: a terminal is required to read the password; either use the -S option to read from standard input or configure an askpass helper
sudo: a password is required
2026-06-19 12:48:34 - Toggle: OFF - Script: /var/www/html/scripts/disable_weak_ssh.sh
2026-06-19 12:48:34 - Return: 1 - Output: sudo: a terminal is required to read the password; either use the -S option to read from standard input or configure an askpass helper
sudo: a password is required
2026-06-19 12:48:35 - Toggle: OFF - Script: /var/www/html/scripts/disable_weak_ssh.sh
2026-06-19 12:48:35 - Return: 1 - Output: sudo: a terminal is required to read the password; either use the -S option to read from standard input or configure an askpass helper
sudo: a password is required
2026-06-19 12:48:36 - Toggle: OFF - Script: /var/www/html/scripts/disable_weak_ssh.sh
2026-06-19 12:48:36 - Return: 1 - Output: sudo: a terminal is required to read the password; either use the -S option to read from standard input or configure an askpass helper
sudo: a password is required
2026-06-19 12:48:40 - Toggle: OFF - Script: /var/www/html/scripts/disable_weak_ssh.sh
2026-06-19 12:48:40 - Return: 1 - Output: sudo: a terminal is required to read the password; either use the -S option to read from standard input or configure an askpass helper
sudo: a password is required
2026-06-19 12:57:18 - Toggle: OFF - Script: /var/www/html/scripts/disable_weak_ssh.sh
2026-06-19 12:57:18 - Return: 1 - Output: sudo: a terminal is required to read the password; either use the -S option to read from standard input or configure an askpass helper
sudo: a password is required
2026-06-19 12:57:26 - Toggle: OFF - Script: /var/www/html/scripts/disable_weak_ssh.sh
2026-06-19 12:57:26 - Return: 1 - Output: sudo: a terminal is required to read the password; either use the -S option to read from standard input or configure an askpass helper
sudo: a password is required
2026-06-19 12:58:38 - Toggle: OFF - Script: /var/www/html/scripts/disable_weak_ssh.sh
2026-06-19 12:58:38 - Return: 1 - Output: sudo: a terminal is required to read the password; either use the -S option to read from standard input or configure an askpass helper
sudo: a password is required
2026-06-19 12:58:39 - Toggle: OFF - Script: /var/www/html/scripts/disable_weak_ssh.sh
2026-06-19 12:58:39 - Return: 1 - Output: sudo: a terminal is required to read the password; either use the -S option to read from standard input or configure an askpass helper
sudo: a password is required
2026-06-19 12:58:40 - Toggle: OFF - Script: /var/www/html/scripts/disable_weak_ssh.sh
2026-06-19 12:58:40 - Return: 1 - Output: sudo: a terminal is required to read the password; either use the -S option to read from standard input or configure an askpass helper
sudo: a password is required
2026-06-19 12:58:40 - Toggle: OFF - Script: /var/www/html/scripts/disable_weak_ssh.sh
2026-06-19 12:58:40 - Return: 1 - Output: sudo: a terminal is required to read the password; either use the -S option to read from standard input or configure an askpass helper
sudo: a password is required
2026-06-19 12:58:40 - Toggle: OFF - Script: /var/www/html/scripts/disable_weak_ssh.sh
2026-06-19 12:58:40 - Return: 1 - Output: sudo: a terminal is required to read the password; either use the -S option to read from standard input or configure an askpass helper
sudo: a password is required
2026-06-19 12:58:41 - Toggle: OFF - Script: /var/www/html/scripts/disable_weak_ssh.sh
2026-06-19 12:58:41 - Return: 1 - Output: sudo: a terminal is required to read the password; either use the -S option to read from standard input or configure an askpass helper
sudo: a password is required
2026-06-19 12:58:41 - Toggle: OFF - Script: /var/www/html/scripts/disable_weak_ssh.sh
2026-06-19 12:58:41 - Return: 1 - Output: sudo: a terminal is required to read the password; either use the -S option to read from standard input or configure an askpass helper
sudo: a password is required
2026-06-19 12:58:45 - Toggle: OFF - Script: /var/www/html/scripts/disable_weak_ssh.sh
2026-06-19 12:58:45 - Return: 1 - Output: sudo: a terminal is required to read the password; either use the -S option to read from standard input or configure an askpass helper
sudo: a password is required
2026-06-19 12:59:01 - Toggle: OFF - Script: /var/www/html/scripts/disable_weak_ssh.sh
2026-06-19 12:59:01 - Return: 1 - Output: sudo: a terminal is required to read the password; either use the -S option to read from standard input or configure an askpass helper
sudo: a password is required
2026-06-19 12:59:07 - Toggle: OFF - Script: /var/www/html/scripts/disable_weak_ssh.sh
2026-06-19 12:59:07 - Return: 1 - Output: sudo: a terminal is required to read the password; either use the -S option to read from standard input or configure an askpass helper
sudo: a password is required
2026-06-19 12:59:07 - Toggle: OFF - Script: /var/www/html/scripts/disable_weak_ssh.sh
2026-06-19 12:59:07 - Return: 1 - Output: sudo: a terminal is required to read the password; either use the -S option to read from standard input or configure an askpass helper
sudo: a password is required
2026-06-19 12:59:07 - Toggle: OFF - Script: /var/www/html/scripts/disable_weak_ssh.sh
2026-06-19 12:59:07 - Return: 1 - Output: sudo: a terminal is required to read the password; either use the -S option to read from standard input or configure an askpass helper
sudo: a password is required
2026-06-19 12:59:09 - Toggle: OFF - Script: /var/www/html/scripts/disable_weak_ssh.sh
2026-06-19 12:59:09 - Return: 1 - Output: sudo: a terminal is required to read the password; either use the -S option to read from standard input or configure an askpass helper
sudo: a password is required
2026-06-19 12:59:11 - Toggle: OFF - Script: /var/www/html/scripts/disable_weak_ssh.sh
2026-06-19 12:59:11 - Return: 1 - Output: sudo: a terminal is required to read the password; either use the -S option to read from standard input or configure an askpass helper
sudo: a password is required
2026-06-19 12:59:18 - Toggle: OFF - Script: /var/www/html/scripts/disable_weak_ssh.sh
2026-06-19 12:59:18 - Return: 1 - Output: sudo: a terminal is required to read the password; either use the -S option to read from standard input or configure an askpass helper
sudo: a password is required
2026-06-19 12:59:18 - Toggle: OFF - Script: /var/www/html/scripts/disable_weak_ssh.sh
2026-06-19 12:59:18 - Return: 1 - Output: sudo: a terminal is required to read the password; either use the -S option to read from standard input or configure an askpass helper
sudo: a password is required
2026-06-19 12:59:18 - Toggle: OFF - Script: /var/www/html/scripts/disable_weak_ssh.sh
2026-06-19 12:59:18 - Return: 1 - Output: sudo: a terminal is required to read the password; either use the -S option to read from standard input or configure an askpass helper
sudo: a password is required
2026-06-19 12:59:21 - Toggle: OFF - Script: /var/www/html/scripts/disable_weak_ssh.sh
2026-06-19 12:59:21 - Return: 1 - Output: sudo: a terminal is required to read the password; either use the -S option to read from standard input or configure an askpass helper
sudo: a password is required
2026-06-19 13:00:08 - Toggle: OFF - Script: /var/www/html/scripts/disable_weak_ssh.sh
2026-06-19 13:00:08 - Return: 1 - Output: sudo: a terminal is required to read the password; either use the -S option to read from standard input or configure an askpass helper
sudo: a password is required
2026-06-19 13:00:08 - Toggle: OFF - Script: /var/www/html/scripts/disable_weak_ssh.sh
2026-06-19 13:00:09 - Return: 1 - Output: sudo: a terminal is required to read the password; either use the -S option to read from standard input or configure an askpass helper
sudo: a password is required
2026-06-19 13:00:09 - Toggle: OFF - Script: /var/www/html/scripts/disable_weak_ssh.sh
2026-06-19 13:00:09 - Return: 1 - Output: sudo: a terminal is required to read the password; either use the -S option to read from standard input or configure an askpass helper
sudo: a password is required
2026-06-19 13:00:09 - Toggle: OFF - Script: /var/www/html/scripts/disable_weak_ssh.sh
2026-06-19 13:00:09 - Return: 1 - Output: sudo: a terminal is required to read the password; either use the -S option to read from standard input or configure an askpass helper
sudo: a password is required
2026-06-19 13:00:09 - Toggle: OFF - Script: /var/www/html/scripts/disable_weak_ssh.sh
2026-06-19 13:00:09 - Return: 1 - Output: sudo: a terminal is required to read the password; either use the -S option to read from standard input or configure an askpass helper
sudo: a password is required
2026-06-19 13:00:09 - Toggle: OFF - Script: /var/www/html/scripts/disable_weak_ssh.sh
2026-06-19 13:00:09 - Return: 1 - Output: sudo: a terminal is required to read the password; either use the -S option to read from standard input or configure an askpass helper
sudo: a password is required
2026-06-19 13:00:12 - Toggle: OFF - Script: /var/www/html/scripts/disable_weak_ssh.sh
2026-06-19 13:00:12 - Return: 1 - Output: sudo: a terminal is required to read the password; either use the -S option to read from standard input or configure an askpass helper
sudo: a password is required
2026-06-19 13:00:32 - Toggle: OFF - Script: /var/www/html/scripts/disable_weak_ssh.sh
2026-06-19 13:00:32 - Return: 1 - Output: sudo: a terminal is required to read the password; either use the -S option to read from standard input or configure an askpass helper
sudo: a password is required
2026-06-19 13:00:32 - Toggle: OFF - Script: /var/www/html/scripts/disable_weak_ssh.sh
2026-06-19 13:00:32 - Return: 1 - Output: sudo: a terminal is required to read the password; either use the -S option to read from standard input or configure an askpass helper
sudo: a password is required
2026-06-19 13:00:32 - Toggle: OFF - Script: /var/www/html/scripts/disable_weak_ssh.sh
2026-06-19 13:00:32 - Return: 1 - Output: sudo: a terminal is required to read the password; either use the -S option to read from standard input or configure an askpass helper
sudo: a password is required
2026-06-19 13:00:37 - Toggle: OFF - Script: /var/www/html/scripts/disable_weak_ssh.sh
2026-06-19 13:00:37 - Return: 1 - Output: sudo: a terminal is required to read the password; either use the -S option to read from standard input or configure an askpass helper
sudo: a password is required
2026-06-19 13:00:44 - Toggle: OFF - Script: /var/www/html/scripts/disable_weak_ssh.sh
2026-06-19 13:00:44 - Return: 1 - Output: sudo: a terminal is required to read the password; either use the -S option to read from standard input or configure an askpass helper
sudo: a password is required
2026-06-19 13:00:44 - Toggle: OFF - Script: /var/www/html/scripts/disable_weak_ssh.sh
2026-06-19 13:00:44 - Return: 1 - Output: sudo: a terminal is required to read the password; either use the -S option to read from standard input or configure an askpass helper
sudo: a password is required
2026-06-19 13:07:11 - Toggle: OFF - Script: /var/www/html/scripts/disable_weak_ssh.sh
2026-06-19 13:07:11 - Return: 1 - Output: sudo: a terminal is required to read the password; either use the -S option to read from standard input or configure an askpass helper
sudo: a password is required
2026-06-19 13:18:00 - Toggle: OFF - Script: /var/www/html/scripts/disable_weak_ssh.sh
2026-06-19 13:18:00 - Return: 1 - Output: sudo: a terminal is required to read the password; either use the -S option to read from standard input or configure an askpass helper
sudo: a password is required
2026-06-19 13:19:20 - Toggle: OFF - Script: /var/www/html/scripts/disable_weak_ssh.sh
2026-06-19 13:19:20 - Return: 1 - Output: sudo: a terminal is required to read the password; either use the -S option to read from standard input or configure an askpass helper
sudo: a password is required
2026-06-19 13:19:36 - Toggle: OFF - Script: /var/www/html/scripts/disable_weak_ssh.sh
2026-06-19 13:19:36 - Return: 1 - Output: sudo: a terminal is required to read the password; either use the -S option to read from standard input or configure an askpass helper
sudo: a password is required
2026-06-19 13:19:37 - Toggle: OFF - Script: /var/www/html/scripts/disable_weak_ssh.sh
2026-06-19 13:19:37 - Return: 1 - Output: sudo: a terminal is required to read the password; either use the -S option to read from standard input or configure an askpass helper
sudo: a password is required
2026-06-19 13:19:38 - Toggle: OFF - Script: /var/www/html/scripts/disable_weak_ssh.sh
2026-06-19 13:19:38 - Return: 1 - Output: sudo: a terminal is required to read the password; either use the -S option to read from standard input or configure an askpass helper
sudo: a password is required
2026-06-19 13:19:38 - Toggle: OFF - Script: /var/www/html/scripts/disable_weak_ssh.sh
2026-06-19 13:19:38 - Return: 1 - Output: sudo: a terminal is required to read the password; either use the -S option to read from standard input or configure an askpass helper
sudo: a password is required
2026-06-19 13:20:01 - Toggle: OFF - Script: /var/www/html/scripts/disable_weak_ssh.sh
2026-06-19 13:20:01 - Return: 1 - Output: sudo: a terminal is required to read the password; either use the -S option to read from standard input or configure an askpass helper
sudo: a password is required
2026-06-19 13:20:01 - Toggle: OFF - Script: /var/www/html/scripts/disable_weak_ssh.sh
2026-06-19 13:20:01 - Return: 1 - Output: sudo: a terminal is required to read the password; either use the -S option to read from standard input or configure an askpass helper
sudo: a password is required
2026-06-19 13:20:03 - Toggle: OFF - Script: /var/www/html/scripts/disable_weak_ssh.sh
2026-06-19 13:20:03 - Return: 1 - Output: sudo: a terminal is required to read the password; either use the -S option to read from standard input or configure an askpass helper
sudo: a password is required
2026-06-19 13:20:03 - Toggle: OFF - Script: /var/www/html/scripts/disable_weak_ssh.sh
2026-06-19 13:20:03 - Return: 1 - Output: sudo: a terminal is required to read the password; either use the -S option to read from standard input or configure an askpass helper
sudo: a password is required
2026-06-19 13:20:05 - Toggle: OFF - Script: /var/www/html/scripts/disable_weak_ssh.sh
2026-06-19 13:20:05 - Return: 1 - Output: sudo: a terminal is required to read the password; either use the -S option to read from standard input or configure an askpass helper
sudo: a password is required
2026-06-19 13:20:08 - Toggle: OFF - Script: /var/www/html/scripts/disable_weak_ssh.sh
2026-06-19 13:20:08 - Return: 1 - Output: sudo: a terminal is required to read the password; either use the -S option to read from standard input or configure an askpass helper
sudo: a password is required
2026-06-19 13:20:08 - Toggle: OFF - Script: /var/www/html/scripts/disable_weak_ssh.sh
2026-06-19 13:20:08 - Return: 1 - Output: sudo: a terminal is required to read the password; either use the -S option to read from standard input or configure an askpass helper
sudo: a password is required
2026-06-19 13:20:08 - Toggle: OFF - Script: /var/www/html/scripts/disable_weak_ssh.sh
2026-06-19 13:20:08 - Return: 1 - Output: sudo: a terminal is required to read the password; either use the -S option to read from standard input or configure an askpass helper
sudo: a password is required
2026-06-19 13:20:25 - Toggle: OFF - Script: /var/www/html/scripts/disable_weak_ssh.sh
2026-06-19 13:20:25 - Return: 1 - Output: sudo: a terminal is required to read the password; either use the -S option to read from standard input or configure an askpass helper
sudo: a password is required
2026-06-19 13:20:37 - Toggle: OFF - Script: /var/www/html/scripts/disable_weak_ssh.sh
2026-06-19 13:20:37 - Return: 1 - Output: sudo: a terminal is required to read the password; either use the -S option to read from standard input or configure an askpass helper
sudo: a password is required
2026-06-19 13:20:37 - Toggle: OFF - Script: /var/www/html/scripts/disable_weak_ssh.sh
2026-06-19 13:20:37 - Return: 1 - Output: sudo: a terminal is required to read the password; either use the -S option to read from standard input or configure an askpass helper
sudo: a password is required
2026-06-19 13:20:37 - Toggle: OFF - Script: /var/www/html/scripts/disable_weak_ssh.sh
2026-06-19 13:20:37 - Return: 1 - Output: sudo: a terminal is required to read the password; either use the -S option to read from standard input or configure an askpass helper
sudo: a password is required
2026-06-19 13:20:40 - Toggle: OFF - Script: /var/www/html/scripts/disable_weak_ssh.sh
2026-06-19 13:20:40 - Return: 1 - Output: sudo: a terminal is required to read the password; either use the -S option to read from standard input or configure an askpass helper
sudo: a password is required
2026-06-19 13:20:43 - Toggle: OFF - Script: /var/www/html/scripts/disable_weak_ssh.sh
2026-06-19 13:20:43 - Return: 1 - Output: sudo: a terminal is required to read the password; either use the -S option to read from standard input or configure an askpass helper
sudo: a password is required
2026-06-19 13:20:49 - Toggle: OFF - Script: /var/www/html/scripts/disable_weak_ssh.sh
2026-06-19 13:20:49 - Return: 1 - Output: sudo: a terminal is required to read the password; either use the -S option to read from standard input or configure an askpass helper
sudo: a password is required
2026-06-19 13:20:49 - Toggle: OFF - Script: /var/www/html/scripts/disable_weak_ssh.sh
2026-06-19 13:20:49 - Return: 1 - Output: sudo: a terminal is required to read the password; either use the -S option to read from standard input or configure an askpass helper
sudo: a password is required
2026-06-19 13:20:49 - Toggle: OFF - Script: /var/www/html/scripts/disable_weak_ssh.sh
2026-06-19 13:20:49 - Return: 1 - Output: sudo: a terminal is required to read the password; either use the -S option to read from standard input or configure an askpass helper
sudo: a password is required
2026-06-19 13:20:53 - Toggle: OFF - Script: /var/www/html/scripts/disable_weak_ssh.sh
2026-06-19 13:20:53 - Return: 1 - Output: sudo: a terminal is required to read the password; either use the -S option to read from standard input or configure an askpass helper
sudo: a password is required
2026-06-19 13:36:49 - Toggle: OFF - Script: /var/www/html/scripts/disable_weak_ssh.sh
2026-06-19 13:36:49 - Return: 1 - Output: sudo: a terminal is required to read the password; either use the -S option to read from standard input or configure an askpass helper
sudo: a password is required
2026-06-19 13:36:50 - Toggle: OFF - Script: /var/www/html/scripts/disable_weak_ssh.sh
2026-06-19 13:36:50 - Return: 1 - Output: sudo: a terminal is required to read the password; either use the -S option to read from standard input or configure an askpass helper
sudo: a password is required
2026-06-19 13:37:01 - Toggle: OFF - Script: /var/www/html/scripts/disable_weak_ssh.sh
2026-06-19 13:37:01 - Return: 1 - Output: sudo: a terminal is required to read the password; either use the -S option to read from standard input or configure an askpass helper
sudo: a password is required
2026-06-19 13:37:01 - Toggle: OFF - Script: /var/www/html/scripts/disable_weak_ssh.sh
2026-06-19 13:37:01 - Return: 1 - Output: sudo: a terminal is required to read the password; either use the -S option to read from standard input or configure an askpass helper
sudo: a password is required
2026-06-19 13:37:01 - Toggle: OFF - Script: /var/www/html/scripts/disable_weak_ssh.sh
2026-06-19 13:37:01 - Return: 1 - Output: sudo: a terminal is required to read the password; either use the -S option to read from standard input or configure an askpass helper
sudo: a password is required
2026-06-19 13:37:04 - Toggle: OFF - Script: /var/www/html/scripts/disable_weak_ssh.sh
2026-06-19 13:37:05 - Return: 1 - Output: sudo: a terminal is required to read the password; either use the -S option to read from standard input or configure an askpass helper
sudo: a password is required
2026-06-19 13:37:05 - Toggle: OFF - Script: /var/www/html/scripts/disable_weak_ssh.sh
2026-06-19 13:37:05 - Return: 1 - Output: sudo: a terminal is required to read the password; either use the -S option to read from standard input or configure an askpass helper
sudo: a password is required
2026-06-19 13:37:05 - Toggle: OFF - Script: /var/www/html/scripts/disable_weak_ssh.sh
2026-06-19 13:37:05 - Return: 1 - Output: sudo: a terminal is required to read the password; either use the -S option to read from standard input or configure an askpass helper
sudo: a password is required
2026-06-19 13:37:05 - Toggle: OFF - Script: /var/www/html/scripts/disable_weak_ssh.sh
2026-06-19 13:37:05 - Return: 1 - Output: sudo: a terminal is required to read the password; either use the -S option to read from standard input or configure an askpass helper
sudo: a password is required
2026-06-19 13:37:05 - Toggle: OFF - Script: /var/www/html/scripts/disable_weak_ssh.sh
2026-06-19 13:37:05 - Return: 1 - Output: sudo: a terminal is required to read the password; either use the -S option to read from standard input or configure an askpass helper
sudo: a password is required
2026-06-19 13:37:05 - Toggle: OFF - Script: /var/www/html/scripts/disable_weak_ssh.sh
2026-06-19 13:37:05 - Return: 1 - Output: sudo: a terminal is required to read the password; either use the -S option to read from standard input or configure an askpass helper
sudo: a password is required
2026-06-19 13:37:05 - Toggle: OFF - Script: /var/www/html/scripts/disable_weak_ssh.sh
2026-06-19 13:37:05 - Return: 1 - Output: sudo: a terminal is required to read the password; either use the -S option to read from standard input or configure an askpass helper
sudo: a password is required
2026-06-19 13:37:05 - Toggle: OFF - Script: /var/www/html/scripts/disable_weak_ssh.sh
2026-06-19 13:37:05 - Return: 1 - Output: sudo: a terminal is required to read the password; either use the -S option to read from standard input or configure an askpass helper
sudo: a password is required
2026-06-19 13:37:06 - Toggle: OFF - Script: /var/www/html/scripts/disable_weak_ssh.sh
2026-06-19 13:37:06 - Return: 1 - Output: sudo: a terminal is required to read the password; either use the -S option to read from standard input or configure an askpass helper
sudo: a password is required
2026-06-19 13:37:06 - Toggle: OFF - Script: /var/www/html/scripts/disable_weak_ssh.sh
2026-06-19 13:37:06 - Return: 1 - Output: sudo: a terminal is required to read the password; either use the -S option to read from standard input or configure an askpass helper
sudo: a password is required
2026-06-19 13:37:38 - Toggle: OFF - Script: /var/www/html/scripts/disable_weak_ssh.sh
2026-06-19 13:37:38 - Return: 1 - Output: sudo: a terminal is required to read the password; either use the -S option to read from standard input or configure an askpass helper
sudo: a password is required
2026-06-19 13:37:38 - Toggle: OFF - Script: /var/www/html/scripts/disable_weak_ssh.sh
2026-06-19 13:37:38 - Return: 1 - Output: sudo: a terminal is required to read the password; either use the -S option to read from standard input or configure an askpass helper
sudo: a password is required
2026-06-19 13:37:52 - Toggle: OFF - Script: /var/www/html/scripts/disable_weak_ssh.sh
2026-06-19 13:37:52 - Return: 1 - Output: sudo: a terminal is required to read the password; either use the -S option to read from standard input or configure an askpass helper
sudo: a password is required
2026-06-19 13:37:52 - Toggle: OFF - Script: /var/www/html/scripts/disable_weak_ssh.sh
2026-06-19 13:37:52 - Return: 1 - Output: sudo: a terminal is required to read the password; either use the -S option to read from standard input or configure an askpass helper
sudo: a password is required
2026-06-19 13:37:52 - Toggle: OFF - Script: /var/www/html/scripts/disable_weak_ssh.sh
2026-06-19 13:37:52 - Return: 1 - Output: sudo: a terminal is required to read the password; either use the -S option to read from standard input or configure an askpass helper
sudo: a password is required
2026-06-19 13:37:55 - Toggle: OFF - Script: /var/www/html/scripts/disable_weak_ssh.sh
2026-06-19 13:37:55 - Return: 1 - Output: sudo: a terminal is required to read the password; either use the -S option to read from standard input or configure an askpass helper
sudo: a password is required
2026-06-19 13:38:01 - Toggle: OFF - Script: /var/www/html/scripts/disable_weak_ssh.sh
2026-06-19 13:38:01 - Return: 1 - Output: sudo: a terminal is required to read the password; either use the -S option to read from standard input or configure an askpass helper
sudo: a password is required
2026-06-19 13:38:02 - Toggle: OFF - Script: /var/www/html/scripts/disable_weak_ssh.sh
2026-06-19 13:38:02 - Return: 1 - Output: sudo: a terminal is required to read the password; either use the -S option to read from standard input or configure an askpass helper
sudo: a password is required
2026-06-19 13:38:02 - Toggle: OFF - Script: /var/www/html/scripts/disable_weak_ssh.sh
2026-06-19 13:38:02 - Return: 1 - Output: sudo: a terminal is required to read the password; either use the -S option to read from standard input or configure an askpass helper
sudo: a password is required
2026-06-19 13:38:04 - Toggle: OFF - Script: /var/www/html/scripts/disable_weak_ssh.sh
2026-06-19 13:38:04 - Return: 1 - Output: sudo: a terminal is required to read the password; either use the -S option to read from standard input or configure an askpass helper
sudo: a password is required
2026-06-19 13:38:04 - Toggle: OFF - Script: /var/www/html/scripts/disable_weak_ssh.sh
2026-06-19 13:38:04 - Return: 1 - Output: sudo: a terminal is required to read the password; either use the -S option to read from standard input or configure an askpass helper
sudo: a password is required
2026-06-19 13:38:10 - Toggle: OFF - Script: /var/www/html/scripts/disable_weak_ssh.sh
2026-06-19 13:38:10 - Return: 1 - Output: sudo: a terminal is required to read the password; either use the -S option to read from standard input or configure an askpass helper
sudo: a password is required
2026-06-19 13:38:11 - Toggle: OFF - Script: /var/www/html/scripts/disable_weak_ssh.sh
2026-06-19 13:38:11 - Return: 1 - Output: sudo: a terminal is required to read the password; either use the -S option to read from standard input or configure an askpass helper
sudo: a password is required
2026-06-19 13:41:44 - Toggle: OFF - Script: /var/www/html/scripts/disable_weak_ssh.sh
2026-06-19 13:41:44 - Return: 1 - Output: sudo: a terminal is required to read the password; either use the -S option to read from standard input or configure an askpass helper
sudo: a password is required
2026-06-19 13:42:18 - Toggle: OFF - Script: /var/www/html/scripts/disable_weak_ssh.sh
2026-06-19 13:42:18 - Return: 1 - Output: sudo: a terminal is required to read the password; either use the -S option to read from standard input or configure an askpass helper
sudo: a password is required
2026-06-19 13:42:19 - Toggle: OFF - Script: /var/www/html/scripts/disable_weak_ssh.sh
2026-06-19 13:42:19 - Return: 1 - Output: sudo: a terminal is required to read the password; either use the -S option to read from standard input or configure an askpass helper
sudo: a password is required
2026-06-19 13:42:20 - Toggle: OFF - Script: /var/www/html/scripts/disable_weak_ssh.sh
2026-06-19 13:42:20 - Return: 1 - Output: sudo: a terminal is required to read the password; either use the -S option to read from standard input or configure an askpass helper
sudo: a password is required
2026-06-19 13:42:20 - Toggle: OFF - Script: /var/www/html/scripts/disable_weak_ssh.sh
2026-06-19 13:42:20 - Return: 1 - Output: sudo: a terminal is required to read the password; either use the -S option to read from standard input or configure an askpass helper
sudo: a password is required
2026-06-19 13:42:20 - Toggle: OFF - Script: /var/www/html/scripts/disable_weak_ssh.sh
2026-06-19 13:42:20 - Return: 1 - Output: sudo: a terminal is required to read the password; either use the -S option to read from standard input or configure an askpass helper
sudo: a password is required
2026-06-19 13:42:20 - Toggle: OFF - Script: /var/www/html/scripts/disable_weak_ssh.sh
2026-06-19 13:42:20 - Return: 1 - Output: sudo: a terminal is required to read the password; either use the -S option to read from standard input or configure an askpass helper
sudo: a password is required
2026-06-19 13:42:27 - Toggle: OFF - Script: /var/www/html/scripts/disable_weak_ssh.sh
2026-06-19 13:42:27 - Return: 1 - Output: sudo: a terminal is required to read the password; either use the -S option to read from standard input or configure an askpass helper
sudo: a password is required
2026-06-19 13:42:27 - Toggle: OFF - Script: /var/www/html/scripts/disable_weak_ssh.sh
2026-06-19 13:42:27 - Return: 1 - Output: sudo: a terminal is required to read the password; either use the -S option to read from standard input or configure an askpass helper
sudo: a password is required
2026-06-19 13:42:27 - Toggle: OFF - Script: /var/www/html/scripts/disable_weak_ssh.sh
2026-06-19 13:42:27 - Return: 1 - Output: sudo: a terminal is required to read the password; either use the -S option to read from standard input or configure an askpass helper
sudo: a password is required
2026-06-19 13:42:30 - Toggle: OFF - Script: /var/www/html/scripts/disable_weak_ssh.sh
2026-06-19 13:42:30 - Return: 1 - Output: sudo: a terminal is required to read the password; either use the -S option to read from standard input or configure an askpass helper
sudo: a password is required
2026-06-19 13:42:32 - Toggle: OFF - Script: /var/www/html/scripts/disable_weak_ssh.sh
2026-06-19 13:42:32 - Return: 1 - Output: sudo: a terminal is required to read the password; either use the -S option to read from standard input or configure an askpass helper
sudo: a password is required
2026-06-19 13:42:32 - Toggle: OFF - Script: /var/www/html/scripts/disable_weak_ssh.sh
2026-06-19 13:42:32 - Return: 1 - Output: sudo: a terminal is required to read the password; either use the -S option to read from standard input or configure an askpass helper
sudo: a password is required
2026-06-19 13:42:32 - Toggle: OFF - Script: /var/www/html/scripts/disable_weak_ssh.sh
2026-06-19 13:42:32 - Return: 1 - Output: sudo: a terminal is required to read the password; either use the -S option to read from standard input or configure an askpass helper
sudo: a password is required
2026-06-19 13:42:32 - Toggle: OFF - Script: /var/www/html/scripts/disable_weak_ssh.sh
2026-06-19 13:42:32 - Return: 1 - Output: sudo: a terminal is required to read the password; either use the -S option to read from standard input or configure an askpass helper
sudo: a password is required
2026-06-19 13:42:37 - Toggle: OFF - Script: /var/www/html/scripts/disable_weak_ssh.sh
2026-06-19 13:42:37 - Return: 1 - Output: sudo: a terminal is required to read the password; either use the -S option to read from standard input or configure an askpass helper
sudo: a password is required
2026-06-19 13:42:37 - Toggle: OFF - Script: /var/www/html/scripts/disable_weak_ssh.sh
2026-06-19 13:42:37 - Return: 1 - Output: sudo: a terminal is required to read the password; either use the -S option to read from standard input or configure an askpass helper
sudo: a password is required
2026-06-19 13:42:37 - Toggle: OFF - Script: /var/www/html/scripts/disable_weak_ssh.sh
2026-06-19 13:42:37 - Return: 1 - Output: sudo: a terminal is required to read the password; either use the -S option to read from standard input or configure an askpass helper
sudo: a password is required
2026-06-19 13:42:37 - Toggle: OFF - Script: /var/www/html/scripts/disable_weak_ssh.sh
2026-06-19 13:42:37 - Return: 1 - Output: sudo: a terminal is required to read the password; either use the -S option to read from standard input or configure an askpass helper
sudo: a password is required
2026-06-19 14:02:10 - Toggle: OFF - Script: /var/www/html/scripts/disable_weak_ssh.sh
2026-06-19 14:02:10 - Return: 1 - Output: sudo: a terminal is required to read the password; either use the -S option to read from standard input or configure an askpass helper
sudo: a password is required
2026-06-19 14:02:10 - Toggle: OFF - Script: /var/www/html/scripts/disable_weak_ssh.sh
2026-06-19 14:02:10 - Return: 1 - Output: sudo: a terminal is required to read the password; either use the -S option to read from standard input or configure an askpass helper
sudo: a password is required
2026-06-19 14:02:10 - Toggle: OFF - Script: /var/www/html/scripts/disable_weak_ssh.sh
2026-06-19 14:02:10 - Return: 1 - Output: sudo: a terminal is required to read the password; either use the -S option to read from standard input or configure an askpass helper
sudo: a password is required
2026-06-19 14:02:10 - Toggle: OFF - Script: /var/www/html/scripts/disable_weak_ssh.sh
2026-06-19 14:02:10 - Return: 1 - Output: sudo: a terminal is required to read the password; either use the -S option to read from standard input or configure an askpass helper
sudo: a password is required
2026-06-19 14:02:19 - Toggle: OFF - Script: /var/www/html/scripts/disable_weak_ssh.sh
2026-06-19 14:02:19 - Return: 1 - Output: sudo: a terminal is required to read the password; either use the -S option to read from standard input or configure an askpass helper
sudo: a password is required
2026-06-19 14:02:19 - Toggle: OFF - Script: /var/www/html/scripts/disable_weak_ssh.sh
2026-06-19 14:02:19 - Return: 1 - Output: sudo: a terminal is required to read the password; either use the -S option to read from standard input or configure an askpass helper
sudo: a password is required
2026-06-19 14:02:19 - Toggle: OFF - Script: /var/www/html/scripts/disable_weak_ssh.sh
2026-06-19 14:02:19 - Return: 1 - Output: sudo: a terminal is required to read the password; either use the -S option to read from standard input or configure an askpass helper
sudo: a password is required
2026-06-19 14:02:19 - Toggle: OFF - Script: /var/www/html/scripts/disable_weak_ssh.sh
2026-06-19 14:02:19 - Return: 1 - Output: sudo: a terminal is required to read the password; either use the -S option to read from standard input or configure an askpass helper
sudo: a password is required
2026-06-19 14:22:39 - Toggle: OFF - Script: /var/www/html/scripts/disable_weak_ssh.sh
2026-06-19 14:22:39 - Return: 1 - Output: sudo: a terminal is required to read the password; either use the -S option to read from standard input or configure an askpass helper
sudo: a password is required
2026-06-19 14:22:40 - Toggle: ON - Script: /var/www/html/scripts/enable_weak_ssh.sh
2026-06-19 14:22:40 - Return: 1 - Output: sudo: a terminal is required to read the password; either use the -S option to read from standard input or configure an askpass helper
sudo: a password is required
2026-06-19 14:22:40 - Toggle: ON - Script: /var/www/html/scripts/enable_weak_ssh.sh
2026-06-19 14:22:40 - Return: 1 - Output: sudo: a terminal is required to read the password; either use the -S option to read from standard input or configure an askpass helper
sudo: a password is required
2026-06-19 14:32:34 - Toggle: ON - Script: /var/www/html/scripts/enable_weak_ssh.sh
2026-06-19 14:32:34 - Return: 1 - Output: sudo: a terminal is required to read the password; either use the -S option to read from standard input or configure an askpass helper
sudo: a password is required
2026-06-19 14:32:34 - Toggle: OFF - Script: /var/www/html/scripts/disable_weak_ssh.sh
2026-06-19 14:32:34 - Return: 1 - Output: sudo: a terminal is required to read the password; either use the -S option to read from standard input or configure an askpass helper
sudo: a password is required
2026-06-19 14:32:34 - Toggle: OFF - Script: /var/www/html/scripts/disable_weak_ssh.sh
2026-06-19 14:32:34 - Return: 1 - Output: sudo: a terminal is required to read the password; either use the -S option to read from standard input or configure an askpass helper
sudo: a password is required
2026-06-19 14:32:41 - Toggle: OFF - Script: /var/www/html/scripts/disable_weak_ssh.sh
2026-06-19 14:32:41 - Return: 1 - Output: sudo: a terminal is required to read the password; either use the -S option to read from standard input or configure an askpass helper
sudo: a password is required
2026-06-19 14:32:41 - Toggle: OFF - Script: /var/www/html/scripts/disable_weak_ssh.sh
2026-06-19 14:32:41 - Return: 1 - Output: sudo: a terminal is required to read the password; either use the -S option to read from standard input or configure an askpass helper
sudo: a password is required
2026-06-19 14:32:41 - Toggle: OFF - Script: /var/www/html/scripts/disable_weak_ssh.sh
2026-06-19 14:32:41 - Return: 1 - Output: sudo: a terminal is required to read the password; either use the -S option to read from standard input or configure an askpass helper
sudo: a password is required
2026-06-19 14:32:41 - Toggle: OFF - Script: /var/www/html/scripts/disable_weak_ssh.sh
2026-06-19 14:32:41 - Return: 1 - Output: sudo: a terminal is required to read the password; either use the -S option to read from standard input or configure an askpass helper
sudo: a password is required
2026-06-19 14:32:41 - Toggle: OFF - Script: /var/www/html/scripts/disable_weak_ssh.sh
2026-06-19 14:32:41 - Return: 1 - Output: sudo: a terminal is required to read the password; either use the -S option to read from standard input or configure an askpass helper
sudo: a password is required
2026-06-19 14:32:41 - Toggle: OFF - Script: /var/www/html/scripts/disable_weak_ssh.sh
2026-06-19 14:32:41 - Return: 1 - Output: sudo: a terminal is required to read the password; either use the -S option to read from standard input or configure an askpass helper
sudo: a password is required
2026-06-19 14:43:59 - Toggle: OFF - Script: /var/www/html/scripts/disable_weak_ssh.sh
2026-06-19 14:43:59 - Return: 0 - Output: [*] Disabling weak SSH credentials (secure mode)
[+] Applied strong password to local SSH account: student
[+] Strong credential profile applied
[+] File: storage/ssh/credentials.txt
2026-06-19 14:43:59 - Toggle: OFF - Script: /var/www/html/scripts/disable_weak_ssh.sh
2026-06-19 14:43:59 - Return: 0 - Output: [*] Disabling weak SSH credentials (secure mode)
[+] Applied strong password to local SSH account: student
[+] Strong credential profile applied
[+] File: storage/ssh/credentials.txt
2026-06-19 14:43:59 - Toggle: OFF - Script: /var/www/html/scripts/disable_weak_ssh.sh
2026-06-19 14:43:59 - Return: 0 - Output: [*] Disabling weak SSH credentials (secure mode)
[+] Applied strong password to local SSH account: student
[+] Strong credential profile applied
[+] File: storage/ssh/credentials.txt
2026-06-19 14:44:05 - Toggle: OFF - Script: /var/www/html/scripts/disable_weak_ssh.sh
2026-06-19 14:44:05 - Return: 0 - Output: [*] Disabling weak SSH credentials (secure mode)
[+] Applied strong password to local SSH account: student
[+] Strong credential profile applied
[+] File: storage/ssh/credentials.txt
2026-06-19 14:44:06 - Toggle: OFF - Script: /var/www/html/scripts/disable_weak_ssh.sh
2026-06-19 14:44:06 - Return: 0 - Output: [*] Disabling weak SSH credentials (secure mode)
[+] Applied strong password to local SSH account: student
[+] Strong credential profile applied
[+] File: storage/ssh/credentials.txt
2026-06-19 14:44:06 - Toggle: OFF - Script: /var/www/html/scripts/disable_weak_ssh.sh
2026-06-19 14:44:06 - Return: 0 - Output: [*] Disabling weak SSH credentials (secure mode)
[+] Applied strong password to local SSH account: student
[+] Strong credential profile applied
[+] File: storage/ssh/credentials.txt
2026-06-19 14:44:09 - Toggle: OFF - Script: /var/www/html/scripts/disable_weak_ssh.sh
2026-06-19 14:44:09 - Return: 0 - Output: [*] Disabling weak SSH credentials (secure mode)
[+] Applied strong password to local SSH account: student
[+] Strong credential profile applied
[+] File: storage/ssh/credentials.txt
2026-06-19 14:44:14 - Toggle: OFF - Script: /var/www/html/scripts/disable_weak_ssh.sh
2026-06-19 14:44:14 - Return: 0 - Output: [*] Disabling weak SSH credentials (secure mode)
[+] Applied strong password to local SSH account: student
[+] Strong credential profile applied
[+] File: storage/ssh/credentials.txt
2026-06-19 14:44:14 - Toggle: ON - Script: /var/www/html/scripts/enable_weak_ssh.sh
2026-06-19 14:44:14 - Return: 0 - Output: [*] Enabling weak SSH credentials (demo mode)
[+] Applied weak password to local SSH account: student
[+] Weak credentials set to student/password123
[+] File: storage/ssh/credentials.txt
[+] SSH endpoint (if enabled): localhost:2222
2026-06-19 14:44:14 - Toggle: ON - Script: /var/www/html/scripts/enable_weak_ssh.sh
2026-06-19 14:44:14 - Return: 0 - Output: [*] Enabling weak SSH credentials (demo mode)
[+] Applied weak password to local SSH account: student
[+] Weak credentials set to student/password123
[+] File: storage/ssh/credentials.txt
[+] SSH endpoint (if enabled): localhost:2222
2026-06-19 14:46:38 - Toggle: ON - Script: /var/www/html/scripts/enable_weak_ssh.sh
2026-06-19 14:46:38 - Return: 0 - Output: [*] Enabling weak SSH credentials (demo mode)
[+] Applied weak password to local SSH account: student
[+] Weak credentials set to student/password123
[+] File: storage/ssh/credentials.txt
[+] SSH endpoint (if enabled): localhost:2222
2026-06-19 14:46:38 - Toggle: OFF - Script: /var/www/html/scripts/disable_weak_ssh.sh
2026-06-19 14:46:38 - Return: 0 - Output: [*] Disabling weak SSH credentials (secure mode)
[+] Applied strong password to local SSH account: student
[+] Strong credential profile applied
[+] File: storage/ssh/credentials.txt
2026-06-19 14:46:39 - Toggle: OFF - Script: /var/www/html/scripts/disable_weak_ssh.sh
2026-06-19 14:46:39 - Return: 0 - Output: [*] Disabling weak SSH credentials (secure mode)
[+] Applied strong password to local SSH account: student
[+] Strong credential profile applied
[+] File: storage/ssh/credentials.txt
2026-06-19 14:47:30 - Toggle: OFF - Script: /var/www/html/scripts/disable_weak_ssh.sh
2026-06-19 14:47:30 - Return: 0 - Output: [*] Disabling weak SSH credentials (secure mode)
[+] Applied strong password to local SSH account: student
[+] Strong credential profile applied
[+] File: storage/ssh/credentials.txt
2026-06-19 14:47:30 - Toggle: ON - Script: /var/www/html/scripts/enable_weak_ssh.sh
2026-06-19 14:47:30 - Return: 0 - Output: [*] Enabling weak SSH credentials (demo mode)
[+] Applied weak password to local SSH account: student
[+] Weak credentials set to student/password123
[+] File: storage/ssh/credentials.txt
[+] SSH endpoint (if enabled): localhost:2222
2026-06-19 14:47:30 - Toggle: ON - Script: /var/www/html/scripts/enable_weak_ssh.sh
2026-06-19 14:47:30 - Return: 0 - Output: [*] Enabling weak SSH credentials (demo mode)
[+] Applied weak password to local SSH account: student
[+] Weak credentials set to student/password123
[+] File: storage/ssh/credentials.txt
[+] SSH endpoint (if enabled): localhost:2222
2026-06-19 14:50:00 - Toggle: ON - Script: /var/www/html/scripts/enable_weak_ssh.sh
2026-06-19 14:50:00 - Return: 0 - Output: [*] Enabling weak SSH credentials (demo mode)
[+] Applied weak password to local SSH account: student
[+] Weak credentials set to student/password123
[+] File: storage/ssh/credentials.txt
[+] SSH endpoint (if enabled): localhost:2222
2026-06-19 14:50:00 - Toggle: OFF - Script: /var/www/html/scripts/disable_weak_ssh.sh
2026-06-19 14:50:00 - Return: 0 - Output: [*] Disabling weak SSH credentials (secure mode)
[+] Applied strong password to local SSH account: student
[+] Strong credential profile applied
[+] File: storage/ssh/credentials.txt
2026-06-19 14:50:00 - Toggle: OFF - Script: /var/www/html/scripts/disable_weak_ssh.sh
2026-06-19 14:50:00 - Return: 0 - Output: [*] Disabling weak SSH credentials (secure mode)
[+] Applied strong password to local SSH account: student
[+] Strong credential profile applied
[+] File: storage/ssh/credentials.txt
2026-06-19 14:50:39 - Toggle: OFF - Script: /var/www/html/scripts/disable_weak_ssh.sh
2026-06-19 14:50:39 - Return: 0 - Output: [*] Disabling weak SSH credentials (secure mode)
[+] Applied strong password to local SSH account: student
[+] Strong credential profile applied
[+] File: storage/ssh/credentials.txt
2026-06-19 14:50:39 - Toggle: ON - Script: /var/www/html/scripts/enable_weak_ssh.sh
2026-06-19 14:50:39 - Return: 0 - Output: [*] Enabling weak SSH credentials (demo mode)
[+] Applied weak password to local SSH account: student
[+] Weak credentials set to student/password123
[+] File: storage/ssh/credentials.txt
[+] SSH endpoint (if enabled): localhost:2222
2026-06-19 14:50:39 - Toggle: ON - Script: /var/www/html/scripts/enable_weak_ssh.sh
2026-06-19 14:50:40 - Return: 0 - Output: [*] Enabling weak SSH credentials (demo mode)
[+] Applied weak password to local SSH account: student
[+] Weak credentials set to student/password123
[+] File: storage/ssh/credentials.txt
[+] SSH endpoint (if enabled): localhost:2222
