2026-06-18 08:20:41 - Toggle: ON - Script: /var/www/html/scripts/enable_weak_sudo.sh
2026-06-18 08:20:41 - Return: 0 - Output: [*] Enabling weak sudo configuration (demo mode)
[+] Weak sudo configuration applied
[+] Student user can now escalate privileges without password
[+] File: /etc/sudoers.d/student_weak_sudo
2026-06-18 08:20:41 - Toggle: ON - Script: /var/www/html/scripts/enable_weak_sudo.sh
2026-06-18 08:20:41 - Return: 0 - Output: [*] Enabling weak sudo configuration (demo mode)
[+] Weak sudo configuration applied
[+] Student user can now escalate privileges without password
[+] File: /etc/sudoers.d/student_weak_sudo
2026-06-18 14:45:51 - Toggle: OFF - Script: /var/www/html/scripts/disable_weak_sudo.sh
2026-06-18 14:45:51 - Return: 1 - Output: sudo: a terminal is required to read the password; either use the -S option to read from standard input or configure an askpass helper
sudo: a password is required
2026-06-18 14:45:55 - Toggle: OFF - Script: /var/www/html/scripts/disable_weak_sudo.sh
2026-06-18 14:45:55 - Return: 1 - Output: sudo: a terminal is required to read the password; either use the -S option to read from standard input or configure an askpass helper
sudo: a password is required
2026-06-18 14:46:02 - Toggle: OFF - Script: /var/www/html/scripts/disable_weak_sudo.sh
2026-06-18 14:46:02 - Return: 1 - Output: sudo: a terminal is required to read the password; either use the -S option to read from standard input or configure an askpass helper
sudo: a password is required
2026-06-18 14:46:02 - Toggle: OFF - Script: /var/www/html/scripts/disable_weak_sudo.sh
2026-06-18 14:46:02 - Return: 1 - Output: sudo: a terminal is required to read the password; either use the -S option to read from standard input or configure an askpass helper
sudo: a password is required
2026-06-18 14:46:07 - Toggle: OFF - Script: /var/www/html/scripts/disable_weak_sudo.sh
2026-06-18 14:46:07 - Return: 1 - Output: sudo: a terminal is required to read the password; either use the -S option to read from standard input or configure an askpass helper
sudo: a password is required
2026-06-18 14:46:10 - Toggle: OFF - Script: /var/www/html/scripts/disable_weak_sudo.sh
2026-06-18 14:46:11 - Return: 1 - Output: sudo: a terminal is required to read the password; either use the -S option to read from standard input or configure an askpass helper
sudo: a password is required
2026-06-18 14:46:11 - Toggle: OFF - Script: /var/www/html/scripts/disable_weak_sudo.sh
2026-06-18 14:46:11 - Return: 1 - Output: sudo: a terminal is required to read the password; either use the -S option to read from standard input or configure an askpass helper
sudo: a password is required
2026-06-18 14:47:02 - Toggle: OFF - Script: /var/www/html/scripts/disable_weak_sudo.sh
2026-06-18 14:47:02 - Return: 1 - Output: sudo: a terminal is required to read the password; either use the -S option to read from standard input or configure an askpass helper
sudo: a password is required
2026-06-18 14:47:02 - Toggle: OFF - Script: /var/www/html/scripts/disable_weak_sudo.sh
2026-06-18 14:47:02 - Return: 1 - Output: sudo: a terminal is required to read the password; either use the -S option to read from standard input or configure an askpass helper
sudo: a password is required
2026-06-18 14:47:40 - Toggle: OFF - Script: /var/www/html/scripts/disable_weak_sudo.sh
2026-06-18 14:47:40 - Return: 1 - Output: sudo: a terminal is required to read the password; either use the -S option to read from standard input or configure an askpass helper
sudo: a password is required
2026-06-18 14:47:40 - Toggle: OFF - Script: /var/www/html/scripts/disable_weak_sudo.sh
2026-06-18 14:47:40 - Return: 1 - Output: sudo: a terminal is required to read the password; either use the -S option to read from standard input or configure an askpass helper
sudo: a password is required
2026-06-18 14:48:46 - Toggle: OFF - Script: /var/www/html/scripts/disable_weak_sudo.sh
2026-06-18 14:48:46 - Return: 1 - Output: sudo: a terminal is required to read the password; either use the -S option to read from standard input or configure an askpass helper
sudo: a password is required
2026-06-18 14:48:46 - Toggle: OFF - Script: /var/www/html/scripts/disable_weak_sudo.sh
2026-06-18 14:48:46 - Return: 1 - Output: sudo: a terminal is required to read the password; either use the -S option to read from standard input or configure an askpass helper
sudo: a password is required
